[debug] > Exec(early(addDefaultCommands), None, None)
[debug] > Exec(addDefaultCommands, None, None)
[debug] > Exec(early(initialize), None, None)
[debug] > Exec(initialize, None, None)
[debug] > Exec(early(addPluginSbtFile="""C:\Users\flore\AppData\Local\Temp\idea.sbt"""), None, None)
[debug] > Exec(addPluginSbtFile="""C:\Users\flore\AppData\Local\Temp\idea.sbt""", None, None)
[debug] > Exec(boot, None, None)
[debug] > Exec(writeSbtVersion, None, None)
[debug] > Exec(reload, None, None)
[debug] > Exec(sbtStashOnFailure, None, None)
[debug] > Exec(onFailure loadFailed, None, None)
[debug] > Exec(loadp, None, None)
[info] welcome to sbt 1.9.7 (Oracle Corporation Java 21)
[debug]       Load.loadUnit: plugins took 134.1368ms
[debug]       Load.loadUnit: defsScala took 1.2862ms
[debug] [Loading] Scanning directory C:\Users\flore\.sbt\1.0\plugins
[debug] [Loading] Found non-root projects 
[debug] [Loading] Done in C:\Users\flore\.sbt\1.0\plugins, returning: ()
[debug] deducing auto plugins based on known facts Set(Atom(sbt.plugins.CorePlugin)) and clauses Clauses(Clause(Atom(sbt.plugins.JvmPlugin),Set(Atom(sbt.plugins.IvyPlugin)))
[debug] Clause(Atom(sbt.ScriptedPlugin),Set(Atom(sbt.plugins.JvmPlugin)))
[debug] Clause(Atom(sbt.plugins.SbtPlugin),Set(Atom(sbt.ScriptedPlugin)))
[debug] Clause(Atom(sbt.plugins.SemanticdbPlugin),Set(Atom(sbt.plugins.JvmPlugin)))
[debug] Clause(Atom(sbt.plugins.JUnitXmlReportPlugin),Set(Atom(sbt.plugins.JvmPlugin)))
[debug] Clause(Atom(sbt.plugins.MiniDependencyTreePlugin),Set(Atom(sbt.plugins.JvmPlugin)))
[debug] Clause(Atom(sbt.plugins.CorePlugin),Set(Atom(sbt.plugins.IvyPlugin)))
[debug] Clause(Atom(sbt.plugins.IvyPlugin),Set(Atom(sbt.plugins.JvmPlugin)))
[debug] Clause(Atom(sbt.plugins.JvmPlugin),Set(Atom(sbt.plugins.SemanticdbPlugin)))
[debug] Clause(Atom(sbt.plugins.JvmPlugin),Set(Atom(sbt.plugins.JUnitXmlReportPlugin)))
[debug] Clause(Atom(sbt.plugins.CorePlugin),Set(Atom(sbt.plugins.Giter8TemplatePlugin)))
[debug] Clause(Atom(sbt.plugins.JvmPlugin),Set(Atom(sbt.plugins.MiniDependencyTreePlugin))))
[debug]   :: deduced result: Matched(sbt.plugins.CorePlugin,sbt.plugins.Giter8TemplatePlugin,sbt.plugins.IvyPlugin,sbt.plugins.JvmPlugin,sbt.plugins.MiniDependencyTreePlugin,sbt.plugins.JUnitXmlReportPlugin,sbt.plugins.SemanticdbPlugin)
[debug] Plugins.deducer#function took 25.5568 ms
[debug]           Load.resolveProject(global-plugins) took 71.7073ms
[debug]         Load.loadTransitive: finalizeProject(Project(id global-plugins, base: C:\Users\flore\.sbt\1.0\plugins, plugins: List(<none>))) took 131.619ms
[debug] [Loading] Done in C:\Users\flore\.sbt\1.0\plugins, returning: (global-plugins)
[debug]       Load.loadUnit: loadedProjectsRaw took 169.9364ms
[debug]       Load.loadUnit: cleanEvalClasses took 0.3726ms
[debug]     Load.loadUnit(file:/C:/Users/flore/.sbt/1.0/plugins/, ...) took 324.9173ms
[debug]   Load.apply: load took 594.3576ms
[debug]   Load.apply: resolveProjects took 11.7688ms
[debug]   Load.apply: finalTransforms took 72.912ms
[debug]   Load.apply: config.delegates took 9.7538ms
[debug]   Load.apply: Def.make(settings)... took 516.1055ms
[debug]   Load.apply: structureIndex took 115.9539ms
[debug]   Load.apply: mkStreams took 3.1492ms
[info] loading global plugins from C:\Users\flore\.sbt\1.0\plugins
[debug] Running task... Cancel: Signal, check cycles: false, forcegc: true
[debug] Load.defaultLoad until apply took 3030.4428ms
[debug]           Load.loadUnit: plugins took 19.812ms
[debug]           Load.loadUnit: defsScala took 0.0033ms
[debug] [Loading] Scanning directory C:\Users\flore\OneDrive\Escritorio\UCM\entregable_scala\project
[debug]             Load.loadUnit: mkEval took 6.0908ms
[debug] [Loading] Found non-root projects 
[debug] [Loading] Done in C:\Users\flore\OneDrive\Escritorio\UCM\entregable_scala\project, returning: ()
[debug] deducing auto plugins based on known facts Set(Atom(sbt.plugins.CorePlugin)) and clauses Clauses(Clause(Atom(sbt.plugins.JvmPlugin),Set(Atom(sbt.plugins.IvyPlugin)))
[debug] Clause(Atom(sbt.ScriptedPlugin),Set(Atom(sbt.plugins.JvmPlugin)))
[debug] Clause(Atom(sbt.plugins.SbtPlugin),Set(Atom(sbt.ScriptedPlugin)))
[debug] Clause(Atom(sbt.plugins.SemanticdbPlugin),Set(Atom(sbt.plugins.JvmPlugin)))
[debug] Clause(Atom(sbt.plugins.JUnitXmlReportPlugin),Set(Atom(sbt.plugins.JvmPlugin)))
[debug] Clause(Atom(sbt.plugins.MiniDependencyTreePlugin),Set(Atom(sbt.plugins.JvmPlugin)))
[debug] Clause(Atom(sbt.plugins.CorePlugin),Set(Atom(sbt.plugins.IvyPlugin)))
[debug] Clause(Atom(sbt.plugins.IvyPlugin),Set(Atom(sbt.plugins.JvmPlugin)))
[debug] Clause(Atom(sbt.plugins.JvmPlugin),Set(Atom(sbt.plugins.SemanticdbPlugin)))
[debug] Clause(Atom(sbt.plugins.JvmPlugin),Set(Atom(sbt.plugins.JUnitXmlReportPlugin)))
[debug] Clause(Atom(sbt.plugins.CorePlugin),Set(Atom(sbt.plugins.Giter8TemplatePlugin)))
[debug] Clause(Atom(sbt.plugins.JvmPlugin),Set(Atom(sbt.plugins.MiniDependencyTreePlugin))))
[debug]   :: deduced result: Matched(sbt.plugins.CorePlugin,sbt.plugins.Giter8TemplatePlugin,sbt.plugins.IvyPlugin,sbt.plugins.JvmPlugin,sbt.plugins.MiniDependencyTreePlugin,sbt.plugins.JUnitXmlReportPlugin,sbt.plugins.SemanticdbPlugin)
[debug] Plugins.deducer#function took 1.3313 ms
[info] loading settings for project entregable_scala-build from plugins.sbt,idea.sbt ...
[debug]               Load.resolveProject(entregable_scala-build) took 4.9326ms
[debug]             Load.loadTransitive: finalizeProject(Project(id entregable_scala-build, base: C:\Users\flore\OneDrive\Escritorio\UCM\entregable_scala\project, plugins: List(<none>))) took 6.825ms
[debug] [Loading] Done in C:\Users\flore\OneDrive\Escritorio\UCM\entregable_scala\project, returning: (entregable_scala-build)
[debug]           Load.loadUnit: loadedProjectsRaw took 2741.4525ms
[debug]           Load.loadUnit: cleanEvalClasses took 12.0926ms
[debug]         Load.loadUnit(file:/C:/Users/flore/OneDrive/Escritorio/UCM/entregable_scala/project/, ...) took 2774.2466ms
[debug]       Load.apply: load took 2776.0301ms
[debug]       Load.apply: resolveProjects took 0.1086ms
[debug]       Load.apply: finalTransforms took 10.4011ms
[debug]       Load.apply: config.delegates took 0.3987ms
[debug]       Load.apply: Def.make(settings)... took 69.4166ms
[debug]       Load.apply: structureIndex took 28.6473ms
[debug]       Load.apply: mkStreams took 0.002ms
[info] loading project definition from C:\Users\flore\OneDrive\Escritorio\UCM\entregable_scala\project
[debug] Running task... Cancel: Signal, check cycles: false, forcegc: true
[warn] Unrecognized repository Scala Plugin Bundled Repository, ignoring it
[warn] Unrecognized repository Scala Plugin Bundled Repository, ignoring it
[debug]     Load.loadUnit: plugins took 4489.6013ms
[debug]     Load.loadUnit: defsScala took 0.0027ms
[debug] [Loading] Scanning directory C:\Users\flore\OneDrive\Escritorio\UCM\entregable_scala
[debug]       Load.loadUnit: mkEval took 0.2542ms
[debug] [Loading] Found root project root w/ remaining 
[debug] deducing auto plugins based on known facts Set(Atom(sbt.plugins.CorePlugin)) and clauses Clauses(Clause(Atom(sbt.plugins.JvmPlugin),Set(Atom(sbt.plugins.IvyPlugin)))
[debug] Clause(Atom(sbt.ScriptedPlugin),Set(Atom(sbt.plugins.JvmPlugin)))
[debug] Clause(Atom(sbt.plugins.SbtPlugin),Set(Atom(sbt.ScriptedPlugin)))
[debug] Clause(Atom(sbt.plugins.SemanticdbPlugin),Set(Atom(sbt.plugins.JvmPlugin)))
[debug] Clause(Atom(sbt.plugins.JUnitXmlReportPlugin),Set(Atom(sbt.plugins.JvmPlugin)))
[debug] Clause(Atom(sbt.plugins.MiniDependencyTreePlugin),Set(Atom(sbt.plugins.JvmPlugin)))
[debug] Clause(Atom(sbtassembly.AssemblyPlugin),Set(Atom(sbt.plugins.JvmPlugin)))
[debug] Clause(Atom(org.jetbrains.sbt.StructurePlugin),Set(Atom(sbt.plugins.JvmPlugin)))
[debug] Clause(Atom(org.jetbrains.sbt.IdeaShellPlugin),Set(Atom(sbt.plugins.JvmPlugin)))
[debug] Clause(Atom(org.jetbrains.sbt.indices.SbtIntellijIndicesPlugin),Set(Atom(sbt.plugins.JvmPlugin)))
[debug] Clause(Atom(sbt.plugins.CorePlugin),Set(Atom(sbt.plugins.IvyPlugin)))
[debug] Clause(Atom(sbt.plugins.IvyPlugin),Set(Atom(sbt.plugins.JvmPlugin)))
[debug] Clause(Atom(sbt.plugins.JvmPlugin),Set(Atom(sbt.plugins.SemanticdbPlugin)))
[debug] Clause(Atom(sbt.plugins.JvmPlugin),Set(Atom(sbt.plugins.JUnitXmlReportPlugin)))
[debug] Clause(Atom(sbt.plugins.CorePlugin),Set(Atom(sbt.plugins.Giter8TemplatePlugin)))
[debug] Clause(Atom(sbt.plugins.JvmPlugin),Set(Atom(sbt.plugins.MiniDependencyTreePlugin)))
[debug] Clause(Atom(sbt.plugins.JvmPlugin),Set(Atom(sbtassembly.AssemblyPlugin)))
[debug] Clause(Atom(sbt.plugins.JvmPlugin),Set(Atom(org.jetbrains.sbt.StructurePlugin)))
[debug] Clause(Atom(sbt.plugins.JvmPlugin),Set(Atom(org.jetbrains.sbt.IdeaShellPlugin)))
[debug] Clause(And(Set(Atom(sbt.plugins.CorePlugin), Atom(sbt.plugins.JvmPlugin))),Set(Atom(org.jetbrains.sbt.indices.SbtIntellijIndicesPlugin))))
[debug]   :: deduced result: Matched(sbt.plugins.CorePlugin,sbt.plugins.Giter8TemplatePlugin,sbt.plugins.IvyPlugin,sbt.plugins.JvmPlugin,sbt.plugins.SemanticdbPlugin,org.jetbrains.sbt.indices.SbtIntellijIndicesPlugin,sbt.plugins.JUnitXmlReportPlugin,sbtassembly.AssemblyPlugin,org.jetbrains.sbt.IdeaShellPlugin,org.jetbrains.sbt.StructurePlugin,sbt.plugins.MiniDependencyTreePlugin)
[debug] Plugins.deducer#function took 1.7415 ms
[info] loading settings for project root from build.sbt ...
[debug]         Load.resolveProject(root) took 59.3625ms
[debug]       Load.loadTransitive: finalizeProject(Project(id root, base: C:\Users\flore\OneDrive\Escritorio\UCM\entregable_scala, plugins: List(<none>))) took 63.8918ms
[debug] [Loading] Done in C:\Users\flore\OneDrive\Escritorio\UCM\entregable_scala, returning: (root)
[debug]     Load.loadUnit: loadedProjectsRaw took 2206.9165ms
[debug]     Load.loadUnit: cleanEvalClasses took 21.329ms
[debug]   Load.loadUnit(file:/C:/Users/flore/OneDrive/Escritorio/UCM/entregable_scala/, ...) took 6718.8333ms
[debug] Load.apply: load took 6721.2637ms
[debug] Load.apply: resolveProjects took 0.1162ms
[debug] Load.apply: finalTransforms took 30.7974ms
[debug] Load.apply: config.delegates took 0.4398ms
[debug] Load.apply: Def.make(settings)... took 72.6987ms
[debug] Load.apply: structureIndex took 21.3738ms
[debug] Load.apply: mkStreams took 0.0022ms
[info] set current project to entregable_scala (in build file:/C:/Users/flore/OneDrive/Escritorio/UCM/entregable_scala/)
[debug] > Exec(sbtPopOnFailure, None, None)
[debug] > Exec(resumeFromFailure, None, None)
[debug] > Exec(notifyUsersAboutShell, None, None)
[debug] > Exec(iflast shell, None, None)
[debug] > Exec(; set ideaPort in Global := 57211 ; idea-shell, None, None)
[debug] > Exec(set ideaPort in Global := 57211, None, None)
[info] Defining Global / ideaPort
[info] The new value will be used by Compile / compile, Test / compile
[debug] Defining 
[debug] 	Global / ideaPort
[debug] 
[debug] The new value will be used by 
[debug] 	Compile / compile
[debug] 	Test / compile
[info] Reapplying settings...
[info] set current project to entregable_scala (in build file:/C:/Users/flore/OneDrive/Escritorio/UCM/entregable_scala/)
[debug] > Exec(idea-shell, None, None)
